<?xml version="1.0" encoding="UTF-8"?>
<!-- Generated by org.testng.reporters.JUnitReportReporter -->
<testsuite hostname="MAA-5CG71201KH" name="temp.ReportTest" tests="3" failures="0" timestamp="4 Aug 2019 12:59:05 GMT" time="27.984" errors="0">
  <testcase name="validlogin" time="5.911" classname="temp.ReportTest"/>
  <testcase name="duplicatelogin" time="16.511" classname="temp.ReportTest"/>
  <testcase name="invalidlogin" time="5.562" classname="temp.ReportTest"/>
</testsuite> <!-- temp.ReportTest -->
